<?xml version="1.0" encoding="UTF-8"?>
<!-- Generated by org.testng.reporters.JUnitXMLReporter -->
<testsuite hostname="BTM-FAC-PC" ignored="0" name="TestChrome" tests="3" failures="0" timestamp="12 Aug 2017 11:03:14 GMT" time="43.23" errors="0">
  <testcase name="testValidLogin" time="3.184" classname="com.actitime.test.ValidLogin"/>
  <testcase name="testInvalidLogin" time="11.036" classname="com.actitime.test.InvalidLogin"/>
  <testcase name="testVerifyProductVersion" time="8.71" classname="com.actitime.test.VerifyProductVersion"/>
</testsuite> <!-- TestChrome -->
