<?xml version="1.0" encoding="UTF-8"?>
<!-- Generated by org.testng.reporters.JUnitXMLReporter -->
<testsuite hostname="BTM-FAC-PC" ignored="0" name="TestFirefox" tests="3" failures="0" timestamp="12 Aug 2017 11:03:25 GMT" time="54.527" errors="0">
  <testcase name="testValidLogin" time="4.473" classname="com.actitime.test.ValidLogin"/>
  <testcase name="testInvalidLogin" time="14.216" classname="com.actitime.test.InvalidLogin"/>
  <testcase name="testVerifyProductVersion" time="9.66" classname="com.actitime.test.VerifyProductVersion"/>
</testsuite> <!-- TestFirefox -->
